2023:02:06 08:02:25.792 WARN  --- [HikariPool-1 housekeeper] com.zaxxer.hikari.pool.HikariPool : HikariPool-1 - Thread starvation or clock leap detected (housekeeper delta=12h35m23s426ms). 
2023:02:06 08:49:17.384 WARN  --- [HikariPool-1 housekeeper] com.zaxxer.hikari.pool.HikariPool : HikariPool-1 - Thread starvation or clock leap detected (housekeeper delta=3m50s912ms641µs400ns). 
2023:02:06 08:51:38.042 WARN  --- [HikariPool-1 housekeeper] com.zaxxer.hikari.pool.HikariPool : HikariPool-1 - Thread starvation or clock leap detected (housekeeper delta=50s641ms277µs700ns). 
2023:02:06 08:59:03.437 WARN  --- [HikariPool-1 housekeeper] com.zaxxer.hikari.pool.HikariPool : HikariPool-1 - Thread starvation or clock leap detected (housekeeper delta=3m25s327ms371µs100ns). 
2023:02:06 11:53:21.810 WARN  --- [HikariPool-1 housekeeper] com.zaxxer.hikari.pool.HikariPool : HikariPool-1 - Thread starvation or clock leap detected (housekeeper delta=2h31m48s51ms526µs900ns). 
2023:02:06 20:01:52.068 WARN  --- [HikariPool-1 housekeeper] com.zaxxer.hikari.pool.HikariPool : HikariPool-1 - Thread starvation or clock leap detected (housekeeper delta=1h11m25s8ms815µs700ns). 
2023:02:06 23:38:06.441 INFO  --- [SpringApplicationShutdownHook] o.s.o.j.LocalContainerEntityManagerFactoryBean : Closing JPA EntityManagerFactory for persistence unit 'default' 
2023:02:06 23:38:06.486 INFO  --- [SpringApplicationShutdownHook] com.zaxxer.hikari.HikariDataSource : HikariPool-1 - Shutdown initiated... 
2023:02:06 23:38:06.501 INFO  --- [SpringApplicationShutdownHook] com.zaxxer.hikari.HikariDataSource : HikariPool-1 - Shutdown completed. 
2023:02:06 23:38:20.638 INFO  --- [main] com.srlab.basic.BasicApplication : Starting BasicApplication using Java 11 on SES-2303 with PID 13416 (C:\Users\user\Desktop\backendBasic\target\classes started by user in C:\Users\user\Desktop\backendBasic) 
2023:02:06 23:38:20.642 INFO  --- [main] com.srlab.basic.BasicApplication : The following 1 profile is active: "oauth" 
2023:02:06 23:38:22.403 INFO  --- [main] o.s.d.r.c.RepositoryConfigurationDelegate : Multiple Spring Data modules found, entering strict repository configuration mode 
2023:02:06 23:38:22.407 INFO  --- [main] o.s.d.r.c.RepositoryConfigurationDelegate : Bootstrapping Spring Data JPA repositories in DEFAULT mode. 
2023:02:06 23:38:22.704 INFO  --- [main] o.s.d.r.c.RepositoryConfigurationDelegate : Finished Spring Data repository scanning in 282 ms. Found 9 JPA repository interfaces. 
2023:02:06 23:38:22.722 INFO  --- [main] o.s.d.r.c.RepositoryConfigurationDelegate : Multiple Spring Data modules found, entering strict repository configuration mode 
2023:02:06 23:38:22.724 INFO  --- [main] o.s.d.r.c.RepositoryConfigurationDelegate : Bootstrapping Spring Data Redis repositories in DEFAULT mode. 
2023:02:06 23:38:22.754 INFO  --- [main] o.s.d.r.c.RepositoryConfigurationExtensionSupport : Spring Data Redis - Could not safely identify store assignment for repository candidate interface com.srlab.basic.authserverside.users.repositories.UserRepository; If you want this repository to be a Redis repository, consider annotating your entities with one of these annotations: org.springframework.data.redis.core.RedisHash (preferred), or consider extending one of the following types with your repository: org.springframework.data.keyvalue.repository.KeyValueRepository 
2023:02:06 23:38:22.754 INFO  --- [main] o.s.d.r.c.RepositoryConfigurationExtensionSupport : Spring Data Redis - Could not safely identify store assignment for repository candidate interface com.srlab.basic.serverside.boards.repositories.BoardRepository; If you want this repository to be a Redis repository, consider annotating your entities with one of these annotations: org.springframework.data.redis.core.RedisHash (preferred), or consider extending one of the following types with your repository: org.springframework.data.keyvalue.repository.KeyValueRepository 
2023:02:06 23:38:22.755 INFO  --- [main] o.s.d.r.c.RepositoryConfigurationExtensionSupport : Spring Data Redis - Could not safely identify store assignment for repository candidate interface com.srlab.basic.serverside.boards.repositories.CommentRepository; If you want this repository to be a Redis repository, consider annotating your entities with one of these annotations: org.springframework.data.redis.core.RedisHash (preferred), or consider extending one of the following types with your repository: org.springframework.data.keyvalue.repository.KeyValueRepository 
2023:02:06 23:38:22.756 INFO  --- [main] o.s.d.r.c.RepositoryConfigurationExtensionSupport : Spring Data Redis - Could not safely identify store assignment for repository candidate interface com.srlab.basic.serverside.devices.repositories.DeviceRepository; If you want this repository to be a Redis repository, consider annotating your entities with one of these annotations: org.springframework.data.redis.core.RedisHash (preferred), or consider extending one of the following types with your repository: org.springframework.data.keyvalue.repository.KeyValueRepository 
2023:02:06 23:38:22.757 INFO  --- [main] o.s.d.r.c.RepositoryConfigurationExtensionSupport : Spring Data Redis - Could not safely identify store assignment for repository candidate interface com.srlab.basic.serverside.files.repositories.FileRepository; If you want this repository to be a Redis repository, consider annotating your entities with one of these annotations: org.springframework.data.redis.core.RedisHash (preferred), or consider extending one of the following types with your repository: org.springframework.data.keyvalue.repository.KeyValueRepository 
2023:02:06 23:38:22.757 INFO  --- [main] o.s.d.r.c.RepositoryConfigurationExtensionSupport : Spring Data Redis - Could not safely identify store assignment for repository candidate interface com.srlab.basic.serverside.files.repositories.FileTempRepository; If you want this repository to be a Redis repository, consider annotating your entities with one of these annotations: org.springframework.data.redis.core.RedisHash (preferred), or consider extending one of the following types with your repository: org.springframework.data.keyvalue.repository.KeyValueRepository 
2023:02:06 23:38:22.758 INFO  --- [main] o.s.d.r.c.RepositoryConfigurationExtensionSupport : Spring Data Redis - Could not safely identify store assignment for repository candidate interface com.srlab.basic.serverside.hierarchies.repositories.HierarchyDataRepository; If you want this repository to be a Redis repository, consider annotating your entities with one of these annotations: org.springframework.data.redis.core.RedisHash (preferred), or consider extending one of the following types with your repository: org.springframework.data.keyvalue.repository.KeyValueRepository 
2023:02:06 23:38:22.758 INFO  --- [main] o.s.d.r.c.RepositoryConfigurationExtensionSupport : Spring Data Redis - Could not safely identify store assignment for repository candidate interface com.srlab.basic.serverside.logs.repositories.ApiHistoryRepository; If you want this repository to be a Redis repository, consider annotating your entities with one of these annotations: org.springframework.data.redis.core.RedisHash (preferred), or consider extending one of the following types with your repository: org.springframework.data.keyvalue.repository.KeyValueRepository 
2023:02:06 23:38:22.759 INFO  --- [main] o.s.d.r.c.RepositoryConfigurationExtensionSupport : Spring Data Redis - Could not safely identify store assignment for repository candidate interface com.srlab.basic.serverside.logs.repositories.ConnectHistoryRepository; If you want this repository to be a Redis repository, consider annotating your entities with one of these annotations: org.springframework.data.redis.core.RedisHash (preferred), or consider extending one of the following types with your repository: org.springframework.data.keyvalue.repository.KeyValueRepository 
2023:02:06 23:38:22.760 INFO  --- [main] o.s.d.r.c.RepositoryConfigurationDelegate : Finished Spring Data repository scanning in 22 ms. Found 0 Redis repository interfaces. 
2023:02:06 23:38:23.903 INFO  --- [main] o.s.b.w.e.tomcat.TomcatWebServer : Tomcat initialized with port(s): 30403 (http) 
2023:02:06 23:38:23.919 INFO  --- [main] o.a.catalina.core.StandardService : Starting service [Tomcat] 
2023:02:06 23:38:23.920 INFO  --- [main] o.a.catalina.core.StandardEngine : Starting Servlet engine: [Apache Tomcat/9.0.70] 
2023:02:06 23:38:24.129 INFO  --- [main] o.a.c.c.C.[Tomcat].[localhost].[/] : Initializing Spring embedded WebApplicationContext 
2023:02:06 23:38:24.131 INFO  --- [main] o.s.b.w.s.c.ServletWebServerApplicationContext : Root WebApplicationContext: initialization completed in 3423 ms 
2023:02:06 23:38:24.462 INFO  --- [main] o.h.jpa.internal.util.LogHelper : HHH000204: Processing PersistenceUnitInfo [name: default] 
2023:02:06 23:38:24.538 INFO  --- [main] org.hibernate.Version : HHH000412: Hibernate ORM core version 5.6.14.Final 
2023:02:06 23:38:24.757 INFO  --- [main] o.h.annotations.common.Version : HCANN000001: Hibernate Commons Annotations {5.1.2.Final} 
2023:02:06 23:38:24.895 INFO  --- [main] com.zaxxer.hikari.HikariDataSource : HikariPool-1 - Starting... 
2023:02:06 23:38:24.901 WARN  --- [main] c.z.hikari.util.DriverDataSource : Registered driver with driverClassName=oracle.jdbc.driver.OracleDriver was not found, trying direct instantiation. 
2023:02:06 23:38:25.362 INFO  --- [main] com.zaxxer.hikari.HikariDataSource : HikariPool-1 - Start completed. 
2023:02:06 23:38:25.391 INFO  --- [main] org.hibernate.dialect.Dialect : HHH000400: Using dialect: org.hibernate.dialect.Oracle12cDialect 
2023:02:06 23:38:26.195 INFO  --- [main] o.hibernate.tuple.PojoInstantiator : HHH000182: No default (no-argument) constructor for class: com.srlab.basic.serverside.logs.models.ApiHistories (class must be instantiated by Interceptor) 
2023:02:06 23:38:26.682 INFO  --- [main] o.hibernate.tuple.PojoInstantiator : HHH000182: No default (no-argument) constructor for class: com.srlab.basic.serverside.logs.models.ConnectHistory (class must be instantiated by Interceptor) 
2023:02:06 23:39:12.978 INFO  --- [main] o.h.e.t.j.p.i.JtaPlatformInitiator : HHH000490: Using JtaPlatform implementation: [org.hibernate.engine.transaction.jta.platform.internal.NoJtaPlatform] 
2023:02:06 23:39:12.986 INFO  --- [main] o.s.o.j.LocalContainerEntityManagerFactoryBean : Initialized JPA EntityManagerFactory for persistence unit 'default' 
2023:02:06 23:39:13.630 INFO  --- [main] o.a.c.c.C.[Tomcat].[localhost].[/] : org.tuckey.web.filters.urlrewrite.UrlRewriteFilter ERROR: unable to find urlrewrite conf file at /WEB-INF/urlrewrite.xml 
2023:02:06 23:39:15.031 INFO  --- [main] o.s.b.a.e.web.EndpointLinksResolver : Exposing 1 endpoint(s) beneath base path '/actuator' 
2023:02:06 23:39:15.115 WARN  --- [main] o.s.b.a.o.j.JpaBaseConfiguration$JpaWebConfiguration : spring.jpa.open-in-view is enabled by default. Therefore, database queries may be performed during view rendering. Explicitly configure spring.jpa.open-in-view to disable this warning 
2023:02:06 23:39:15.336 INFO  --- [main] c.s.b.s.configs.WebSecurityConfig : security config start 
2023:02:06 23:39:15.463 INFO  --- [main] o.s.s.w.DefaultSecurityFilterChain : Will secure any request with [org.springframework.security.web.session.DisableEncodeUrlFilter@70798698, org.springframework.security.web.context.request.async.WebAsyncManagerIntegrationFilter@5d4f35cb, org.springframework.security.web.context.SecurityContextPersistenceFilter@428b5b3f, org.springframework.security.web.header.HeaderWriterFilter@16adf66f, org.springframework.web.filter.CorsFilter@7cc9970a, org.springframework.security.web.authentication.logout.LogoutFilter@71d6e503, org.springframework.security.oauth2.client.web.OAuth2AuthorizationRequestRedirectFilter@7d24bd80, org.springframework.security.oauth2.client.web.OAuth2LoginAuthenticationFilter@6a28f67a, com.srlab.basic.serverside.filters.JwtAuthenticationFilter@1bf2e21d, org.springframework.security.web.authentication.ui.DefaultLoginPageGeneratingFilter@1f47e14d, org.springframework.security.web.authentication.ui.DefaultLogoutPageGeneratingFilter@2703fabd, org.springframework.security.web.savedrequest.RequestCacheAwareFilter@19a5cfb8, org.springframework.security.web.servletapi.SecurityContextHolderAwareRequestFilter@2dad6fc9, org.springframework.security.web.authentication.AnonymousAuthenticationFilter@34672fb, org.springframework.security.web.session.SessionManagementFilter@24f1d4f3, org.springframework.security.web.access.ExceptionTranslationFilter@5b1378cf, org.springframework.security.web.access.intercept.FilterSecurityInterceptor@48acb864] 
2023:02:06 23:39:15.950 INFO  --- [main] o.s.b.w.e.tomcat.TomcatWebServer : Tomcat started on port(s): 30403 (http) with context path '' 
2023:02:06 23:39:16.642 INFO  --- [main] com.srlab.basic.BasicApplication : Started BasicApplication in 56.69 seconds (JVM running for 57.628) 
